# JRE version: Java(TM) SE Runtime Environment (8.0_202-b08) (build 1.8.0_202-b08)
# Java VM: Java HotSpot(TM) 64-Bit Server VM (25.202-b08 mixed mode windows-amd64 compressed oops)
Heap:
 PSYoungGen      total 37376K, used 17735K [0x00000000fab00000, 0x00000000fe900000, 0x0000000100000000)
  eden space 12288K, 100% used [0x00000000fab00000,0x00000000fb700000,0x00000000fb700000)
  from space 25088K, 21% used [0x00000000fd080000,0x00000000fd5d1f60,0x00000000fe900000)
  to   space 25600K, 0% used [0x00000000fb700000,0x00000000fb700000,0x00000000fd000000)
 ParOldGen       total 175104K, used 175103K [0x00000000f0000000, 0x00000000fab00000, 0x00000000fab00000)
  object space 175104K, 99% used [0x00000000f0000000,0x00000000faaffff8,0x00000000fab00000)
 Metaspace       used 45366K, capacity 47880K, committed 49024K, reserved 1093632K
  class space    used 4300K, capacity 4577K, committed 4736K, reserved 1048576K
GC Heap History (10 events):
Event: 81295.861 GC heap before
{Heap before GC invocations=2520 (full 2232):
 PSYoungGen      total 37376K, used 17735K [0x00000000fab00000, 0x00000000fe900000, 0x0000000100000000)
  eden space 12288K, 100% used [0x00000000fab00000,0x00000000fb700000,0x00000000fb700000)
  from space 25088K, 21% used [0x00000000fd080000,0x00000000fd5d1f60,0x00000000fe900000)
  to   space 25600K, 0% used [0x00000000fb700000,0x00000000fb700000,0x00000000fd000000)
 ParOldGen       total 175104K, used 175103K [0x00000000f0000000, 0x00000000fab00000, 0x00000000fab00000)
  object space 175104K, 99% used [0x00000000f0000000,0x00000000faaffd70,0x00000000fab00000)
 Metaspace       used 45366K, capacity 47880K, committed 49024K, reserved 1093632K
  class space    used 4300K, capacity 4577K, committed 4736K, reserved 1048576K
Event: 81295.997 GC heap after
Heap after GC invocations=2520 (full 2232):
 PSYoungGen      total 37376K, used 17735K [0x00000000fab00000, 0x00000000fe900000, 0x0000000100000000)
  eden space 12288K, 100% used [0x00000000fab00000,0x00000000fb700000,0x00000000fb700000)
  from space 25088K, 21% used [0x00000000fd080000,0x00000000fd5d1f60,0x00000000fe900000)
  to   space 25600K, 0% used [0x00000000fb700000,0x00000000fb700000,0x00000000fd000000)
 ParOldGen       total 175104K, used 175102K [0x00000000f0000000, 0x00000000fab00000, 0x00000000fab00000)
  object space 175104K, 99% used [0x00000000f0000000,0x00000000faaffa88,0x00000000fab00000)
 Metaspace       used 45366K, capacity 47880K, committed 49024K, reserved 1093632K
  class space    used 4300K, capacity 4577K, committed 4736K, reserved 1048576K
}
Event: 81385.863 GC heap before
{Heap before GC invocations=2521 (full 2233):
 PSYoungGen      total 37376K, used 17735K [0x00000000fab00000, 0x00000000fe900000, 0x0000000100000000)
  eden space 12288K, 100% used [0x00000000fab00000,0x00000000fb700000,0x00000000fb700000)
  from space 25088K, 21% used [0x00000000fd080000,0x00000000fd5d1f60,0x00000000fe900000)
  to   space 25600K, 0% used [0x00000000fb700000,0x00000000fb700000,0x00000000fd000000)
 ParOldGen       total 175104K, used 175103K [0x00000000f0000000, 0x00000000fab00000, 0x00000000fab00000)
  object space 175104K, 99% used [0x00000000f0000000,0x00000000faaffff8,0x00000000fab00000)
 Metaspace       used 45366K, capacity 47880K, committed 49024K, reserved 1093632K
  class space    used 4300K, capacity 4577K, committed 4736K, reserved 1048576K
Event: 81386.003 GC heap after
Heap after GC invocations=2521 (full 2233):
 PSYoungGen      total 37376K, used 17735K [0x00000000fab00000, 0x00000000fe900000, 0x0000000100000000)
  eden space 12288K, 100% used [0x00000000fab00000,0x00000000fb700000,0x00000000fb700000)
  from space 25088K, 21% used [0x00000000fd080000,0x00000000fd5d1f60,0x00000000fe900000)
  to   space 25600K, 0% used [0x00000000fb700000,0x00000000fb700000,0x00000000fd000000)
 ParOldGen       total 175104K, used 175102K [0x00000000f0000000, 0x00000000fab00000, 0x00000000fab00000)
  object space 175104K, 99% used [0x00000000f0000000,0x00000000faaffa88,0x00000000fab00000)
 Metaspace       used 45366K, capacity 47880K, committed 49024K, reserved 1093632K
  class space    used 4300K, capacity 4577K, committed 4736K, reserved 1048576K
}
Event: 81425.862 GC heap before
{Heap before GC invocations=2522 (full 2234):
 PSYoungGen      total 37376K, used 17735K [0x00000000fab00000, 0x00000000fe900000, 0x0000000100000000)
  eden space 12288K, 100% used [0x00000000fab00000,0x00000000fb700000,0x00000000fb700000)
  from space 25088K, 21% used [0x00000000fd080000,0x00000000fd5d1f60,0x00000000fe900000)
  to   space 25600K, 0% used [0x00000000fb700000,0x00000000fb700000,0x00000000fd000000)
 ParOldGen       total 175104K, used 175103K [0x00000000f0000000, 0x00000000fab00000, 0x00000000fab00000)
  object space 175104K, 99% used [0x00000000f0000000,0x00000000faaffc90,0x00000000fab00000)
 Metaspace       used 45366K, capacity 47880K, committed 49024K, reserved 1093632K
  class space    used 4300K, capacity 4577K, committed 4736K, reserved 1048576K
Event: 81426.000 GC heap after
Heap after GC invocations=2522 (full 2234):
 PSYoungGen      total 37376K, used 17735K [0x00000000fab00000, 0x00000000fe900000, 0x0000000100000000)
  eden space 12288K, 100% used [0x00000000fab00000,0x00000000fb700000,0x00000000fb700000)
  from space 25088K, 21% used [0x00000000fd080000,0x00000000fd5d1f60,0x00000000fe900000)
  to   space 25600K, 0% used [0x00000000fb700000,0x00000000fb700000,0x00000000fd000000)
 ParOldGen       total 175104K, used 175102K [0x00000000f0000000, 0x00000000fab00000, 0x00000000fab00000)
  object space 175104K, 99% used [0x00000000f0000000,0x00000000faaffa88,0x00000000fab00000)
 Metaspace       used 45366K, capacity 47880K, committed 49024K, reserved 1093632K
  class space    used 4300K, capacity 4577K, committed 4736K, reserved 1048576K
}
Event: 81515.863 GC heap before
{Heap before GC invocations=2523 (full 2235):
 PSYoungGen      total 37376K, used 17735K [0x00000000fab00000, 0x00000000fe900000, 0x0000000100000000)
  eden space 12288K, 100% used [0x00000000fab00000,0x00000000fb700000,0x00000000fb700000)
  from space 25088K, 21% used [0x00000000fd080000,0x00000000fd5d1f60,0x00000000fe900000)
  to   space 25600K, 0% used [0x00000000fb700000,0x00000000fb700000,0x00000000fd000000)
 ParOldGen       total 175104K, used 175103K [0x00000000f0000000, 0x00000000fab00000, 0x00000000fab00000)
  object space 175104K, 99% used [0x00000000f0000000,0x00000000faaffff8,0x00000000fab00000)
 Metaspace       used 45366K, capacity 47880K, committed 49024K, reserved 1093632K
  class space    used 4300K, capacity 4577K, committed 4736K, reserved 1048576K
Event: 81516.005 GC heap after
Heap after GC invocations=2523 (full 2235):
 PSYoungGen      total 37376K, used 17735K [0x00000000fab00000, 0x00000000fe900000, 0x0000000100000000)
  eden space 12288K, 100% used [0x00000000fab00000,0x00000000fb700000,0x00000000fb700000)
  from space 25088K, 21% used [0x00000000fd080000,0x00000000fd5d1f60,0x00000000fe900000)
  to   space 25600K, 0% used [0x00000000fb700000,0x00000000fb700000,0x00000000fd000000)
 ParOldGen       total 175104K, used 175102K [0x00000000f0000000, 0x00000000fab00000, 0x00000000fab00000)
  object space 175104K, 99% used [0x00000000f0000000,0x00000000faaffaa8,0x00000000fab00000)
 Metaspace       used 45366K, capacity 47880K, committed 49024K, reserved 1093632K
  class space    used 4300K, capacity 4577K, committed 4736K, reserved 1048576K
}
Event: 81564.146 GC heap before
{Heap before GC invocations=2524 (full 2236):
 PSYoungGen      total 37376K, used 17735K [0x00000000fab00000, 0x00000000fe900000, 0x0000000100000000)
  eden space 12288K, 100% used [0x00000000fab00000,0x00000000fb700000,0x00000000fb700000)
  from space 25088K, 21% used [0x00000000fd080000,0x00000000fd5d1f60,0x00000000fe900000)
  to   space 25600K, 0% used [0x00000000fb700000,0x00000000fb700000,0x00000000fd000000)
 ParOldGen       total 175104K, used 175103K [0x00000000f0000000, 0x00000000fab00000, 0x00000000fab00000)
  object space 175104K, 99% used [0x00000000f0000000,0x00000000faaffcc8,0x00000000fab00000)
 Metaspace       used 45366K, capacity 47880K, committed 49024K, reserved 1093632K
  class space    used 4300K, capacity 4577K, committed 4736K, reserved 1048576K
Event: 81564.287 GC heap after
Heap after GC invocations=2524 (full 2236):
 PSYoungGen      total 37376K, used 17735K [0x00000000fab00000, 0x00000000fe900000, 0x0000000100000000)
  eden space 12288K, 100% used [0x00000000fab00000,0x00000000fb700000,0x00000000fb700000)
  from space 25088K, 21% used [0x00000000fd080000,0x00000000fd5d1f60,0x00000000fe900000)
  to   space 25600K, 0% used [0x00000000fb700000,0x00000000fb700000,0x00000000fd000000)
 ParOldGen       total 175104K, used 175102K [0x00000000f0000000, 0x00000000fab00000, 0x00000000fab00000)
  object space 175104K, 99% used [0x00000000f0000000,0x00000000faaffaa8,0x00000000fab00000)
 Metaspace       used 45366K, capacity 47880K, committed 49024K, reserved 1093632K
  class space    used 4300K, capacity 4577K, committed 4736K, reserved 1048576K
}

