# JRE version: Java(TM) SE Runtime Environment (8.0_202-b08) (build 1.8.0_202-b08)
# Java VM: Java HotSpot(TM) 64-Bit Server VM (25.202-b08 mixed mode windows-amd64 compressed oops)
Heap:
 PSYoungGen      total 40448K, used 11776K [0x00000000fab00000, 0x00000000fee80000, 0x0000000100000000)
  eden space 11776K, 100% used [0x00000000fab00000,0x00000000fb680000,0x00000000fb680000)
  from space 28672K, 0% used [0x00000000fb680000,0x00000000fb680000,0x00000000fd280000)
  to   space 28672K, 0% used [0x00000000fd280000,0x00000000fd280000,0x00000000fee80000)
 ParOldGen       total 175104K, used 175103K [0x00000000f0000000, 0x00000000fab00000, 0x00000000fab00000)
  object space 175104K, 99% used [0x00000000f0000000,0x00000000faaffff8,0x00000000fab00000)
 Metaspace       used 46261K, capacity 48866K, committed 51072K, reserved 1095680K
  class space    used 4320K, capacity 4596K, committed 4736K, reserved 1048576K
GC Heap History (10 events):
Event: 164805.689 GC heap before
{Heap before GC invocations=3092 (full 2642):
 PSYoungGen      total 40448K, used 11776K [0x00000000fab00000, 0x00000000fee80000, 0x0000000100000000)
  eden space 11776K, 100% used [0x00000000fab00000,0x00000000fb680000,0x00000000fb680000)
  from space 28672K, 0% used [0x00000000fb680000,0x00000000fb680000,0x00000000fd280000)
  to   space 28672K, 0% used [0x00000000fd280000,0x00000000fd280000,0x00000000fee80000)
 ParOldGen       total 175104K, used 175104K [0x00000000f0000000, 0x00000000fab00000, 0x00000000fab00000)
  object space 175104K, 100% used [0x00000000f0000000,0x00000000fab00000,0x00000000fab00000)
 Metaspace       used 46261K, capacity 48866K, committed 51072K, reserved 1095680K
  class space    used 4320K, capacity 4596K, committed 4736K, reserved 1048576K
Event: 164805.839 GC heap after
Heap after GC invocations=3092 (full 2642):
 PSYoungGen      total 40448K, used 11776K [0x00000000fab00000, 0x00000000fee80000, 0x0000000100000000)
  eden space 11776K, 100% used [0x00000000fab00000,0x00000000fb680000,0x00000000fb680000)
  from space 28672K, 0% used [0x00000000fb680000,0x00000000fb680000,0x00000000fd280000)
  to   space 28672K, 0% used [0x00000000fd280000,0x00000000fd280000,0x00000000fee80000)
 ParOldGen       total 175104K, used 175102K [0x00000000f0000000, 0x00000000fab00000, 0x00000000fab00000)
  object space 175104K, 99% used [0x00000000f0000000,0x00000000faaffb18,0x00000000fab00000)
 Metaspace       used 46261K, capacity 48866K, committed 51072K, reserved 1095680K
  class space    used 4320K, capacity 4596K, committed 4736K, reserved 1048576K
}
Event: 164835.689 GC heap before
{Heap before GC invocations=3093 (full 2643):
 PSYoungGen      total 40448K, used 11776K [0x00000000fab00000, 0x00000000fee80000, 0x0000000100000000)
  eden space 11776K, 100% used [0x00000000fab00000,0x00000000fb680000,0x00000000fb680000)
  from space 28672K, 0% used [0x00000000fb680000,0x00000000fb680000,0x00000000fd280000)
  to   space 28672K, 0% used [0x00000000fd280000,0x00000000fd280000,0x00000000fee80000)
 ParOldGen       total 175104K, used 175103K [0x00000000f0000000, 0x00000000fab00000, 0x00000000fab00000)
  object space 175104K, 99% used [0x00000000f0000000,0x00000000faaffca0,0x00000000fab00000)
 Metaspace       used 46261K, capacity 48866K, committed 51072K, reserved 1095680K
  class space    used 4320K, capacity 4596K, committed 4736K, reserved 1048576K
Event: 164835.820 GC heap after
Heap after GC invocations=3093 (full 2643):
 PSYoungGen      total 40448K, used 11776K [0x00000000fab00000, 0x00000000fee80000, 0x0000000100000000)
  eden space 11776K, 100% used [0x00000000fab00000,0x00000000fb680000,0x00000000fb680000)
  from space 28672K, 0% used [0x00000000fb680000,0x00000000fb680000,0x00000000fd280000)
  to   space 28672K, 0% used [0x00000000fd280000,0x00000000fd280000,0x00000000fee80000)
 ParOldGen       total 175104K, used 175102K [0x00000000f0000000, 0x00000000fab00000, 0x00000000fab00000)
  object space 175104K, 99% used [0x00000000f0000000,0x00000000faaffaf8,0x00000000fab00000)
 Metaspace       used 46261K, capacity 48866K, committed 51072K, reserved 1095680K
  class space    used 4320K, capacity 4596K, committed 4736K, reserved 1048576K
}
Event: 164915.689 GC heap before
{Heap before GC invocations=3094 (full 2644):
 PSYoungGen      total 40448K, used 11776K [0x00000000fab00000, 0x00000000fee80000, 0x0000000100000000)
  eden space 11776K, 100% used [0x00000000fab00000,0x00000000fb680000,0x00000000fb680000)
  from space 28672K, 0% used [0x00000000fb680000,0x00000000fb680000,0x00000000fd280000)
  to   space 28672K, 0% used [0x00000000fd280000,0x00000000fd280000,0x00000000fee80000)
 ParOldGen       total 175104K, used 175103K [0x00000000f0000000, 0x00000000fab00000, 0x00000000fab00000)
  object space 175104K, 99% used [0x00000000f0000000,0x00000000faaffff8,0x00000000fab00000)
 Metaspace       used 46261K, capacity 48866K, committed 51072K, reserved 1095680K
  class space    used 4320K, capacity 4596K, committed 4736K, reserved 1048576K
Event: 164915.828 GC heap after
Heap after GC invocations=3094 (full 2644):
 PSYoungGen      total 40448K, used 11776K [0x00000000fab00000, 0x00000000fee80000, 0x0000000100000000)
  eden space 11776K, 100% used [0x00000000fab00000,0x00000000fb680000,0x00000000fb680000)
  from space 28672K, 0% used [0x00000000fb680000,0x00000000fb680000,0x00000000fd280000)
  to   space 28672K, 0% used [0x00000000fd280000,0x00000000fd280000,0x00000000fee80000)
 ParOldGen       total 175104K, used 175102K [0x00000000f0000000, 0x00000000fab00000, 0x00000000fab00000)
  object space 175104K, 99% used [0x00000000f0000000,0x00000000faaffb18,0x00000000fab00000)
 Metaspace       used 46261K, capacity 48866K, committed 51072K, reserved 1095680K
  class space    used 4320K, capacity 4596K, committed 4736K, reserved 1048576K
}
Event: 164965.689 GC heap before
{Heap before GC invocations=3095 (full 2645):
 PSYoungGen      total 40448K, used 11776K [0x00000000fab00000, 0x00000000fee80000, 0x0000000100000000)
  eden space 11776K, 100% used [0x00000000fab00000,0x00000000fb680000,0x00000000fb680000)
  from space 28672K, 0% used [0x00000000fb680000,0x00000000fb680000,0x00000000fd280000)
  to   space 28672K, 0% used [0x00000000fd280000,0x00000000fd280000,0x00000000fee80000)
 ParOldGen       total 175104K, used 175103K [0x00000000f0000000, 0x00000000fab00000, 0x00000000fab00000)
  object space 175104K, 99% used [0x00000000f0000000,0x00000000faaffdb0,0x00000000fab00000)
 Metaspace       used 46261K, capacity 48866K, committed 51072K, reserved 1095680K
  class space    used 4320K, capacity 4596K, committed 4736K, reserved 1048576K
Event: 164965.818 GC heap after
Heap after GC invocations=3095 (full 2645):
 PSYoungGen      total 40448K, used 11776K [0x00000000fab00000, 0x00000000fee80000, 0x0000000100000000)
  eden space 11776K, 100% used [0x00000000fab00000,0x00000000fb680000,0x00000000fb680000)
  from space 28672K, 0% used [0x00000000fb680000,0x00000000fb680000,0x00000000fd280000)
  to   space 28672K, 0% used [0x00000000fd280000,0x00000000fd280000,0x00000000fee80000)
 ParOldGen       total 175104K, used 175102K [0x00000000f0000000, 0x00000000fab00000, 0x00000000fab00000)
  object space 175104K, 99% used [0x00000000f0000000,0x00000000faaffb18,0x00000000fab00000)
 Metaspace       used 46261K, capacity 48866K, committed 51072K, reserved 1095680K
  class space    used 4320K, capacity 4596K, committed 4736K, reserved 1048576K
}
Event: 165045.689 GC heap before
{Heap before GC invocations=3096 (full 2646):
 PSYoungGen      total 40448K, used 11776K [0x00000000fab00000, 0x00000000fee80000, 0x0000000100000000)
  eden space 11776K, 100% used [0x00000000fab00000,0x00000000fb680000,0x00000000fb680000)
  from space 28672K, 0% used [0x00000000fb680000,0x00000000fb680000,0x00000000fd280000)
  to   space 28672K, 0% used [0x00000000fd280000,0x00000000fd280000,0x00000000fee80000)
 ParOldGen       total 175104K, used 175103K [0x00000000f0000000, 0x00000000fab00000, 0x00000000fab00000)
  object space 175104K, 99% used [0x00000000f0000000,0x00000000faaffff8,0x00000000fab00000)
 Metaspace       used 46261K, capacity 48866K, committed 51072K, reserved 1095680K
  class space    used 4320K, capacity 4596K, committed 4736K, reserved 1048576K
Event: 165045.828 GC heap after
Heap after GC invocations=3096 (full 2646):
 PSYoungGen      total 40448K, used 11776K [0x00000000fab00000, 0x00000000fee80000, 0x0000000100000000)
  eden space 11776K, 100% used [0x00000000fab00000,0x00000000fb680000,0x00000000fb680000)
  from space 28672K, 0% used [0x00000000fb680000,0x00000000fb680000,0x00000000fd280000)
  to   space 28672K, 0% used [0x00000000fd280000,0x00000000fd280000,0x00000000fee80000)
 ParOldGen       total 175104K, used 175102K [0x00000000f0000000, 0x00000000fab00000, 0x00000000fab00000)
  object space 175104K, 99% used [0x00000000f0000000,0x00000000faaffb18,0x00000000fab00000)
 Metaspace       used 46261K, capacity 48866K, committed 51072K, reserved 1095680K
  class space    used 4320K, capacity 4596K, committed 4736K, reserved 1048576K
}

